0 info it worked if it ends with ok
1 verbose cli [ '/Users/Samsy/.nvm/versions/node/v5.7.1/bin/node',
1 verbose cli   '/Users/Samsy/.nvm/versions/node/v5.7.1/bin/npm',
1 verbose cli   'publish' ]
2 info using npm@3.6.0
3 info using node@v5.7.1
4 verbose publish [ '.' ]
5 silly cache add args [ '.', null ]
6 verbose cache add spec .
7 silly cache add parsed spec Result {
7 silly cache add   raw: '.',
7 silly cache add   scope: null,
7 silly cache add   name: null,
7 silly cache add   rawSpec: '.',
7 silly cache add   spec: '/Users/Samsy/Sites/repos/fetch-loader',
7 silly cache add   type: 'directory' }
8 verbose addLocalDirectory /Users/Samsy/.npm/fetch-loader/1.0.39/package.tgz not in flight; packing
9 verbose correctMkdir /Users/Samsy/.npm correctMkdir not in flight; initializing
10 info lifecycle fetch-loader@1.0.39~prepublish: fetch-loader@1.0.39
11 silly lifecycle fetch-loader@1.0.39~prepublish: no script for prepublish, continuing
12 verbose tar pack [ '/Users/Samsy/.npm/fetch-loader/1.0.39/package.tgz',
12 verbose tar pack   '/Users/Samsy/Sites/repos/fetch-loader' ]
13 verbose tarball /Users/Samsy/.npm/fetch-loader/1.0.39/package.tgz
14 verbose folder /Users/Samsy/Sites/repos/fetch-loader
15 verbose addLocalTarball adding from inside cache /Users/Samsy/.npm/fetch-loader/1.0.39/package.tgz
16 verbose correctMkdir /Users/Samsy/.npm correctMkdir not in flight; initializing
17 silly cache afterAdd fetch-loader@1.0.39
18 verbose afterAdd /Users/Samsy/.npm/fetch-loader/1.0.39/package/package.json not in flight; writing
19 verbose correctMkdir /Users/Samsy/.npm correctMkdir not in flight; initializing
20 verbose afterAdd /Users/Samsy/.npm/fetch-loader/1.0.39/package/package.json written
21 silly publish { name: 'fetch-loader',
21 silly publish   version: '1.0.39',
21 silly publish   description: 'An incredibly simple fetch asset loader',
21 silly publish   main: 'index.js',
21 silly publish   scripts: { test: 'echo "Error: no test specified" && exit 1' },
21 silly publish   repository:
21 silly publish    { type: 'git',
21 silly publish      url: 'git+https://github.com/Samsy/fetch-loader.git' },
21 silly publish   keywords: [ 'fetch', 'loader', 'asset' ],
21 silly publish   author: { name: 'samsy' },
21 silly publish   license: 'ISC',
21 silly publish   bugs: { url: 'https://github.com/Samsy/fetch-loader/issues' },
21 silly publish   homepage: 'https://github.com/Samsy/fetch-loader#readme',
21 silly publish   dependencies: { 'whatwg-fetch': '^0.11.0' },
21 silly publish   readmeFilename: 'README.md',
21 silly publish   gitHead: '6029dbc383fd394a2a24b5a14c1ca484df4d6124',
21 silly publish   _id: 'fetch-loader@1.0.39',
21 silly publish   _shasum: '49ab25e2cb41ea4a3bde503a046797d818ebc2c5',
21 silly publish   _from: '.',
21 silly publish   readme: '# fetch-loader \n\nnpm install --save fetch-loader\n----------\n\nAn incredibly very simple fetch assets loader that load every file as a blob\nand return a media element ( image / video / sound / json )\n\n\n```js\nvar fetchLoader = require(\'fetch-loader\')\n\nthis.files = []\n\n//\t{ \n//\t\tname: \'image\',                               =>   name of the media \n//\t\turl : ROOTPATH + IMAGE_PATH + \'image.jpg\',   =>   url of the media \n//\t\tdata: {description: "red image"}             =>   additional data you want to be associated with the loaded media\n//\t}\n\n\nthis.files.push( { name: \'videoxsd\', url : ROOTPATH + VIDEO_PATH + \'videoxsd.mp4\' } )\nthis.files.push( { name: \'image\',    url : ROOTPATH + IMAGE_PATH + \'image.jpg\', data: {description: "red image"} )\nthis.files.push( { name: \'sound\', url : ROOTPATH + SOUND_PATH + \'sound.mp3\' } )\nthis.files.push( { name: \'myjson\', url : ROOTPATH + JSON_PATH + \'data.json\' } )\n\nvar fetchLoaderManager = new fetchLoader()\n\n// file event fire everytime a file is loaded\nfetchLoaderManager.on(\'file\', onFile)\n\n// complete event fire when everything is loaded\nfetchLoaderManager.on(\'complete\', onComplete)\n\n\n// fetchLoaderManager.load options : \n\n// parallel : limit of the unsync fetch loading\n// headreq  : determine if the loader first process a head request ( true progression values ) \n\nfetchLoaderManager.load(this.files, { parallel: 8, headreq: true })\n\n\n// kill events\nfetchLoaderManager.off(\'file\')\n\nfetchLoaderManager.off(\'complete\')\n\n\n```\n' }
22 verbose getPublishConfig undefined
23 silly mapToRegistry name fetch-loader
24 silly mapToRegistry using default registry
25 silly mapToRegistry registry https://registry.npmjs.org/
26 silly mapToRegistry uri https://registry.npmjs.org/fetch-loader
27 verbose publish registryBase https://registry.npmjs.org/
28 silly publish uploading /Users/Samsy/.npm/fetch-loader/1.0.39/package.tgz
29 verbose request uri https://registry.npmjs.org/fetch-loader
30 verbose request sending authorization for write operation
31 info attempt registry request try #1 at 00:27:40
32 verbose request using bearer token for auth
33 verbose request id 3c43d78ef03fe095
34 http request PUT https://registry.npmjs.org/fetch-loader
35 http 403 https://registry.npmjs.org/fetch-loader
36 verbose headers { 'content-type': 'application/json',
36 verbose headers   'cache-control': 'max-age=300',
36 verbose headers   'content-length': '96',
36 verbose headers   'accept-ranges': 'bytes',
36 verbose headers   date: 'Tue, 06 Dec 2016 00:27:41 GMT',
36 verbose headers   via: '1.1 varnish',
36 verbose headers   connection: 'keep-alive',
36 verbose headers   'x-served-by': 'cache-lcy1142-LCY',
36 verbose headers   'x-cache': 'MISS',
36 verbose headers   'x-cache-hits': '0',
36 verbose headers   'x-timer': 'S1480984060.538559,VS0,VE1266',
36 verbose headers   vary: 'Accept-Encoding' }
37 verbose request invalidating /Users/Samsy/.npm/registry.npmjs.org/fetch-loader on PUT
38 error publish Failed PUT 403
39 verbose stack Error: "You cannot publish over the previously published version 1.0.39." : fetch-loader
39 verbose stack     at makeError (/Users/Samsy/.nvm/versions/node/v5.7.1/lib/node_modules/npm/node_modules/npm-registry-client/lib/request.js:264:12)
39 verbose stack     at CachingRegistryClient.<anonymous> (/Users/Samsy/.nvm/versions/node/v5.7.1/lib/node_modules/npm/node_modules/npm-registry-client/lib/request.js:252:14)
39 verbose stack     at Request._callback (/Users/Samsy/.nvm/versions/node/v5.7.1/lib/node_modules/npm/node_modules/npm-registry-client/lib/request.js:172:14)
39 verbose stack     at Request.self.callback (/Users/Samsy/.nvm/versions/node/v5.7.1/lib/node_modules/npm/node_modules/request/request.js:198:22)
39 verbose stack     at emitTwo (events.js:100:13)
39 verbose stack     at Request.emit (events.js:185:7)
39 verbose stack     at Request.<anonymous> (/Users/Samsy/.nvm/versions/node/v5.7.1/lib/node_modules/npm/node_modules/request/request.js:1035:10)
39 verbose stack     at emitOne (events.js:95:20)
39 verbose stack     at Request.emit (events.js:182:7)
39 verbose stack     at IncomingMessage.<anonymous> (/Users/Samsy/.nvm/versions/node/v5.7.1/lib/node_modules/npm/node_modules/request/request.js:962:12)
40 verbose statusCode 403
41 verbose pkgid fetch-loader
42 verbose cwd /Users/Samsy/Sites/repos/fetch-loader
43 error Darwin 14.5.0
44 error argv "/Users/Samsy/.nvm/versions/node/v5.7.1/bin/node" "/Users/Samsy/.nvm/versions/node/v5.7.1/bin/npm" "publish"
45 error node v5.7.1
46 error npm  v3.6.0
47 error code E403
48 error "You cannot publish over the previously published version 1.0.39." : fetch-loader
49 error If you need help, you may report this error at:
49 error     <https://github.com/npm/npm/issues>
50 verbose exit [ 1, true ]
